recovery_query,err_without_check,check_query,recollect_query,err_with_check,total_query
--new--train--round--
1317,119,256,754,98,2327
1317,119,256,754,98,2327
1289,114,256,842,101,2387
1276,112,256,794,96,2326
1284,107,256,807,85,2347
1303,118,256,862,83,2421
1292,108,256,742,77,2290
1307,118,256,926,98,2489
1307,127,256,863,79,2426
1306,123,256,904,100,2466
1313,113,256,853,91,2422
1291,126,256,936,98,2483
1302,121,256,885,103,2443
1274,125,256,944,90,2474
1276,126,256,885,105,2417
1274,126,256,751,91,2281
1296,109,256,743,94,2295
1282,132,256,913,103,2451
1301,112,256,788,84,2345
1259,123,256,871,98,2386
--new--train--round--
1317,119,512,1501,75,3330
1317,119,512,1501,75,3330
1289,114,512,1715,63,3516
1276,112,512,1556,70,3344
1284,107,512,1417,68,3213
1303,118,512,1620,55,3435
1292,108,512,1438,65,3242
1307,118,512,1690,64,3509
1307,127,512,1524,65,3343
1306,123,512,1662,70,3480
1313,113,512,1613,74,3438
1291,126,512,1733,68,3536
1302,121,512,1669,63,3483
1274,125,512,1722,62,3508
1276,126,512,1636,71,3424
1274,126,512,1496,75,3282
1296,109,512,1519,69,3327
1282,132,512,1656,84,3450
1301,112,512,1534,57,3347
1259,123,512,1702,61,3473
--new--train--round--
1317,119,768,2192,45,4277
1317,119,768,2192,45,4277
1289,114,768,2424,37,4481
1276,112,768,2211,45,4255
1284,107,768,2037,44,4089
1303,118,768,2309,36,4380
1292,108,768,2053,34,4113
1307,118,768,2336,34,4411
1307,127,768,2200,41,4275
1306,123,768,2342,46,4416
1313,113,768,2302,40,4383
1291,126,768,2321,47,4380
1302,121,768,2236,43,4306
1274,125,768,2333,41,4375
1276,126,768,2377,45,4421
1274,126,768,2130,42,4172
1296,109,768,2192,41,4256
1282,132,768,2436,42,4486
1301,112,768,2167,31,4236
1259,123,768,2342,43,4369
--new--train--round--
1317,119,1024,2775,32,5116
1317,119,1024,2775,32,5116
1289,114,1024,2919,23,5232
1276,112,1024,2828,31,5128
1284,107,1024,2542,24,4850
1303,118,1024,2819,26,5146
1292,108,1024,2558,23,4874
1307,118,1024,2828,24,5159
1307,127,1024,2682,21,5013
1306,123,1024,2891,27,5221
1313,113,1024,2745,32,5082
1291,126,1024,2814,31,5129
1302,121,1024,2740,27,5066
1274,125,1024,2877,22,5175
1276,126,1024,2890,24,5190
1274,126,1024,2686,28,4984
1296,109,1024,2712,24,5032
1282,132,1024,2867,30,5173
1301,112,1024,2618,19,4943
1259,123,1024,2798,31,5081
--new--train--round--
1317,119,1280,3260,18,5857
1317,119,1280,3260,18,5857
1289,114,1280,3217,18,5786
1276,112,1280,3214,22,5770
1284,107,1280,2915,20,5479
1303,118,1280,3334,16,5917
1292,108,1280,2985,15,5557
1307,118,1280,3265,21,5852
1307,127,1280,3147,20,5734
1306,123,1280,3390,17,5976
1313,113,1280,3321,22,5914
1291,126,1280,3245,24,5816
1302,121,1280,3158,22,5740
1274,125,1280,3226,14,5780
1276,126,1280,3323,20,5879
1274,126,1280,3137,21,5691
1296,109,1280,3085,15,5661
1282,132,1280,3282,18,5844
1301,112,1280,3012,12,5593
1259,123,1280,3259,19,5798
--new--train--round--
1317,119,1536,3653,9,6506
1317,119,1536,3653,9,6506
1289,114,1536,3586,12,6411
1276,112,1536,3578,12,6390
1284,107,1536,3307,16,6127
1303,118,1536,3694,8,6533
1292,108,1536,3395,5,6223
1307,118,1536,3656,14,6499
1307,127,1536,3549,12,6392
1306,123,1536,3747,13,6589
1313,113,1536,3655,11,6504
1291,126,1536,3714,15,6541
1302,121,1536,3552,16,6390
1274,125,1536,3596,11,6406
1276,126,1536,3711,12,6523
1274,126,1536,3462,14,6272
1296,109,1536,3514,7,6346
1282,132,1536,3627,15,6445
1301,112,1536,3270,6,6107
1259,123,1536,3607,15,6402
--new--train--round--
1317,119,1792,3895,3,7004
1317,119,1792,3895,3,7004
1289,114,1788,3857,8,6934
1276,112,1788,3778,7,6842
1284,107,1788,3592,12,6664
1303,118,1788,3892,5,6983
1292,108,1784,3582,4,6658
1307,118,1792,3891,10,6990
1307,127,1792,3833,9,6932
1306,123,1790,3977,8,7073
1313,113,1788,3876,6,6977
1291,126,1786,3956,11,7033
1302,121,1790,3774,10,6866
1274,125,1786,3861,7,6921
1276,126,1790,3934,7,7000
1274,126,1788,3708,12,6770
1296,109,1790,3733,5,6819
1282,132,1788,3892,8,6962
1301,112,1792,3460,3,6553
1259,123,1788,3923,12,6970
--new--train--round--
1317,119,1990,4003,1,7310
1317,119,1990,4003,1,7310
1289,114,1984,3969,4,7242
1276,112,1974,3857,5,7107
1284,107,1984,3691,11,6959
1303,118,1966,3992,2,7261
1292,108,1968,3666,2,6926
1307,118,1992,4024,5,7323
1307,127,1994,3959,6,7260
1306,123,1994,4058,7,7358
1313,113,1970,3930,5,7213
1291,126,1974,4071,9,7336
1302,121,1984,3883,5,7169
1274,125,1980,3944,6,7198
1276,126,1978,4034,5,7288
1274,126,1980,3841,9,7095
1296,109,1984,3861,3,7141
1282,132,1990,4003,5,7275
1301,112,1968,3525,3,6794
1259,123,1980,4026,9,7265
--new--train--round--
1317,119,2154,4052,2,7523
1317,119,2154,4052,2,7523
1289,114,2132,4021,4,7442
1276,112,2118,3937,2,7331
1284,107,2148,3771,10,7203
1303,118,2102,4052,2,7457
1292,108,2104,3721,2,7117
1307,118,2130,4096,3,7533
1307,127,2146,4037,6,7490
1306,123,2134,4140,7,7580
1313,113,2122,3994,3,7429
1291,126,2108,4128,8,7527
1302,121,2142,3948,3,7392
1274,125,2134,4031,5,7439
1276,126,2138,4096,3,7510
1274,126,2144,3915,7,7333
1296,109,2144,3938,2,7378
1282,132,2138,4064,3,7484
1301,112,2098,3590,2,6989
1259,123,2126,4119,8,7504
--new--train--round--
1317,119,2296,4087,2,7700
1317,119,2296,4087,2,7700
1289,114,2260,4069,1,7618
1276,112,2250,3976,2,7502
1284,107,2276,3844,8,7404
1303,118,2226,4111,1,7640
1292,108,2220,3762,2,7274
1307,118,2232,4124,3,7663
1307,127,2270,4104,5,7681
1306,123,2276,4190,4,7772
1313,113,2240,4036,1,7589
1291,126,2222,4199,5,7712
1302,121,2256,3999,2,7557
1274,125,2254,4096,5,7624
1276,126,2256,4159,2,7691
1274,126,2276,3969,5,7519
1296,109,2278,4016,2,7590
1282,132,2266,4123,3,7671
1301,112,2220,3614,2,7135
1259,123,2250,4195,5,7704
--new--train--round--
1317,119,2384,4107,1,7808
1317,119,2384,4107,1,7808
1289,114,2330,4096,1,7715
1276,112,2324,4014,0,7614
1284,107,2348,3893,6,7525
1303,118,2304,4149,0,7756
1292,108,2276,3783,1,7351
1307,118,2308,4165,1,7780
1307,127,2342,4131,2,7780
1306,123,2360,4200,3,7866
1313,113,2322,4058,1,7693
1291,126,2300,4219,4,7810
1302,121,2334,4034,1,7670
1274,125,2324,4131,2,7729
1276,126,2326,4187,1,7789
1274,126,2364,3998,6,7636
1296,109,2356,4042,1,7694
1282,132,2346,4151,2,7779
1301,112,2274,3627,2,7202
1259,123,2314,4224,3,7797
--new--train--round--
1317,119,2434,4130,1,7881
1317,119,2434,4130,1,7881
1289,114,2380,4119,0,7788
1276,112,2362,4037,0,7675
1284,107,2402,3918,5,7604
1303,118,2348,4163,0,7814
1292,108,2308,3801,1,7401
1307,118,2350,4176,1,7833
1307,127,2392,4149,2,7848
1306,123,2410,4217,3,7933
1313,113,2372,4085,0,7770
1291,126,2356,4244,3,7891
1302,121,2382,4045,0,7729
1274,125,2380,4158,0,7812
1276,126,2360,4203,1,7839
1274,126,2414,4025,4,7713
1296,109,2388,4056,1,7740
1282,132,2376,4164,1,7822
1301,112,2308,3637,1,7246
1259,123,2360,4237,2,7856
--new--train--round--
1317,119,2450,4132,1,7899
1317,119,2450,4132,1,7899
1289,114,2398,4122,0,7809
1276,112,2378,4041,0,7695
1284,107,2430,3937,5,7651
1303,118,2360,4163,0,7826
1292,108,2322,3812,0,7426
1307,118,2374,4184,0,7865
1307,127,2412,4159,2,7878
1306,123,2436,4232,3,7974
1313,113,2384,4085,0,7782
1291,126,2384,4257,2,7932
1302,121,2400,4049,0,7751
1274,125,2404,4165,0,7843
1276,126,2378,4212,1,7866
1274,126,2444,4040,5,7758
1296,109,2398,4063,1,7757
1282,132,2390,4166,1,7838
1301,112,2318,3644,1,7263
1259,123,2392,4254,2,7905
--new--train--round--
1317,119,2466,4134,1,7917
1317,119,2466,4134,1,7917
1289,114,2414,4122,0,7825
1276,112,2392,4046,0,7714
1284,107,2458,3964,5,7706
1303,118,2372,4169,0,7844
1292,108,2334,3818,1,7444
1307,118,2398,4192,0,7897
1307,127,2434,4172,0,7913
1306,123,2462,4256,3,8024
1313,113,2396,4089,0,7798
1291,126,2406,4275,1,7972
1302,121,2418,4049,0,7769
1274,125,2430,4170,0,7874
1276,126,2396,4216,0,7888
1274,126,2470,4063,4,7807
1296,109,2408,4065,1,7769
1282,132,2406,4171,1,7859
1301,112,2328,3651,1,7280
1259,123,2422,4266,1,7947
--new--train--round--
1317,119,2472,4134,1,7923
1317,119,2472,4134,1,7923
1289,114,2424,4126,0,7839
1276,112,2396,4046,0,7718
1284,107,2480,3976,4,7740
1303,118,2376,4169,0,7848
1292,108,2338,3820,1,7450
1307,118,2412,4195,0,7914
1307,127,2448,4172,0,7927
1306,123,2476,4267,2,8049
1313,113,2404,4093,0,7810
1291,126,2418,4285,0,7994
1302,121,2426,4049,0,7777
1274,125,2446,4172,0,7892
1276,126,2406,4216,0,7898
1274,126,2484,4075,3,7833
1296,109,2412,4068,1,7776
1282,132,2416,4174,1,7872
1301,112,2334,3656,1,7291
1259,123,2436,4271,1,7966
--new--train--round--
1317,119,2476,4136,0,7929
1317,119,2476,4136,0,7929
1289,114,2428,4129,0,7846
1276,112,2396,4046,0,7718
1284,107,2492,3984,3,7760
1303,118,2378,4169,0,7850
1292,108,2342,3828,1,7462
1307,118,2416,4198,0,7921
1307,127,2458,4175,0,7940
1306,123,2484,4276,1,8066
1313,113,2408,4095,0,7816
1291,126,2422,4285,0,7998
1302,121,2430,4053,0,7785
1274,125,2454,4172,0,7900
1276,126,2414,4220,0,7910
1274,126,2496,4084,1,7854
1296,109,2414,4071,0,7781
1282,132,2420,4177,0,7879
1301,112,2336,3660,1,7297
1259,123,2444,4277,1,7980
--new--train--round--
1317,119,2480,4142,0,7939
1317,119,2480,4142,0,7939
1289,114,2432,4129,0,7850
1276,112,2396,4046,0,7718
1284,107,2504,3994,2,7782
1303,118,2380,4169,0,7852
1292,108,2346,3832,0,7470
1307,118,2418,4198,0,7923
1307,127,2468,4175,0,7950
1306,123,2492,4281,1,8079
1313,113,2412,4095,0,7820
1291,126,2426,4288,0,8005
1302,121,2434,4053,0,7789
1274,125,2462,4172,0,7908
1276,126,2422,4220,0,7918
1274,126,2508,4087,0,7869
1296,109,2416,4074,0,7786
1282,132,2424,4177,0,7883
1301,112,2338,3664,1,7303
1259,123,2452,4289,0,8000
--new--train--round--
1317,119,2482,4144,0,7943
1317,119,2482,4144,0,7943
1289,114,2434,4132,0,7855
1276,112,2396,4046,0,7718
1284,107,2514,3998,2,7796
1303,118,2382,4169,0,7854
1292,108,2348,3832,0,7472
1307,118,2418,4198,0,7923
1307,127,2474,4179,0,7960
1306,123,2500,4281,1,8087
1313,113,2414,4095,0,7822
1291,126,2430,4288,0,8009
1302,121,2436,4053,0,7791
1274,125,2464,4172,0,7910
1276,126,2424,4220,0,7920
1274,126,2520,4091,0,7885
1296,109,2418,4074,0,7788
1282,132,2426,4180,0,7888
1301,112,2340,3668,1,7309
1259,123,2454,4289,0,8002
--new--train--round--
1317,119,2484,4144,0,7945
1317,119,2484,4144,0,7945
1289,114,2436,4132,0,7857
1276,112,2396,4046,0,7718
1284,107,2524,4002,2,7810
1303,118,2384,4169,0,7856
1292,108,2350,3832,0,7474
1307,118,2418,4198,0,7923
1307,127,2480,4179,0,7966
1306,123,2508,4286,1,8100
1313,113,2416,4095,0,7824
1291,126,2434,4291,0,8016
1302,121,2438,4057,0,7797
1274,125,2466,4172,0,7912
1276,126,2426,4220,0,7922
1274,126,2532,4094,0,7900
1296,109,2420,4074,0,7790
1282,132,2428,4184,0,7894
1301,112,2342,3670,1,7313
1259,123,2456,4289,0,8004
--new--train--round--
1317,119,2484,4144,0,7945
1317,119,2484,4144,0,7945
1289,114,2436,4132,0,7857
1276,112,2396,4046,0,7718
1284,107,2532,4009,2,7825
1303,118,2386,4169,0,7858
1292,108,2352,3832,0,7476
1307,118,2418,4198,0,7923
1307,127,2486,4181,0,7974
1306,123,2514,4293,1,8113
1313,113,2416,4095,0,7824
1291,126,2436,4291,0,8018
1302,121,2440,4061,0,7803
1274,125,2468,4172,0,7914
1276,126,2428,4220,0,7924
1274,126,2542,4094,0,7910
1296,109,2420,4074,0,7790
1282,132,2430,4184,0,7896
1301,112,2344,3674,1,7319
1259,123,2456,4289,0,8004
--new--train--round--
1317,119,2484,4144,0,7945
1317,119,2484,4144,0,7945
1289,114,2436,4132,0,7857
1276,112,2396,4046,0,7718
1284,107,2540,4018,2,7842
1303,118,2388,4169,0,7860
1292,108,2354,3832,0,7478
1307,118,2418,4198,0,7923
1307,127,2492,4181,0,7980
1306,123,2518,4296,1,8120
1313,113,2416,4095,0,7824
1291,126,2438,4291,0,8020
1302,121,2440,4061,0,7803
1274,125,2470,4172,0,7916
1276,126,2430,4220,0,7926
1274,126,2552,4096,0,7922
1296,109,2420,4074,0,7790
1282,132,2432,4184,0,7898
1301,112,2346,3678,1,7325
1259,123,2456,4289,0,8004
--new--train--round--
1317,119,2484,4144,0,7945
1317,119,2484,4144,0,7945
1289,114,2436,4132,0,7857
1276,112,2396,4046,0,7718
1284,107,2544,4023,2,7851
1303,118,2388,4169,0,7860
1292,108,2356,3832,0,7480
1307,118,2418,4198,0,7923
1307,127,2492,4181,0,7980
1306,123,2522,4300,1,8128
1313,113,2416,4095,0,7824
1291,126,2440,4291,0,8022
1302,121,2440,4061,0,7803
1274,125,2470,4172,0,7916
1276,126,2432,4220,0,7928
1274,126,2562,4099,0,7935
1296,109,2420,4074,0,7790
1282,132,2434,4184,0,7900
1301,112,2348,3682,1,7331
1259,123,2456,4289,0,8004
--new--train--round--
1317,119,2484,4144,0,7945
1317,119,2484,4144,0,7945
1289,114,2436,4132,0,7857
1276,112,2396,4046,0,7718
1284,107,2548,4029,1,7861
1303,118,2388,4169,0,7860
1292,108,2358,3832,0,7482
1307,118,2418,4198,0,7923
1307,127,2492,4181,0,7980
1306,123,2524,4304,1,8134
1313,113,2416,4095,0,7824
1291,126,2442,4291,0,8024
1302,121,2440,4061,0,7803
1274,125,2470,4172,0,7916
1276,126,2432,4220,0,7928
1274,126,2566,4102,0,7942
1296,109,2420,4074,0,7790
1282,132,2436,4188,0,7906
1301,112,2350,3686,1,7337
1259,123,2456,4289,0,8004
--new--train--round--
1317,119,2484,4144,0,7945
1317,119,2484,4144,0,7945
1289,114,2436,4132,0,7857
1276,112,2396,4046,0,7718
1284,107,2552,4032,1,7868
1303,118,2388,4169,0,7860
1292,108,2360,3832,0,7484
1307,118,2418,4198,0,7923
1307,127,2492,4181,0,7980
1306,123,2526,4306,1,8138
1313,113,2416,4095,0,7824
1291,126,2442,4291,0,8024
1302,121,2440,4061,0,7803
1274,125,2470,4172,0,7916
1276,126,2432,4220,0,7928
1274,126,2566,4102,0,7942
1296,109,2420,4074,0,7790
1282,132,2438,4188,0,7908
1301,112,2352,3690,1,7343
1259,123,2456,4289,0,8004
--new--train--round--
1317,119,2484,4144,0,7945
1317,119,2484,4144,0,7945
1289,114,2436,4132,0,7857
1276,112,2396,4046,0,7718
1284,107,2556,4035,1,7875
1303,118,2388,4169,0,7860
1292,108,2362,3832,0,7486
1307,118,2418,4198,0,7923
1307,127,2492,4181,0,7980
1306,123,2528,4308,1,8142
1313,113,2416,4095,0,7824
1291,126,2442,4291,0,8024
1302,121,2440,4061,0,7803
1274,125,2470,4172,0,7916
1276,126,2432,4220,0,7928
1274,126,2566,4102,0,7942
1296,109,2420,4074,0,7790
1282,132,2440,4188,0,7910
1301,112,2354,3694,0,7349
1259,123,2456,4289,0,8004
--new--train--round--
1317,119,2484,4144,0,7945
1317,119,2484,4144,0,7945
1289,114,2436,4132,0,7857
1276,112,2396,4046,0,7718
1284,107,2560,4042,1,7886
1303,118,2388,4169,0,7860
1292,108,2362,3832,0,7486
1307,118,2418,4198,0,7923
1307,127,2492,4181,0,7980
1306,123,2530,4310,1,8146
1313,113,2416,4095,0,7824
1291,126,2442,4291,0,8024
1302,121,2440,4061,0,7803
1274,125,2470,4172,0,7916
1276,126,2432,4220,0,7928
1274,126,2566,4102,0,7942
1296,109,2420,4074,0,7790
1282,132,2440,4188,0,7910
1301,112,2356,3694,0,7351
1259,123,2456,4289,0,8004
--new--train--round--
1317,119,2484,4144,0,7945
1317,119,2484,4144,0,7945
1289,114,2436,4132,0,7857
1276,112,2396,4046,0,7718
1284,107,2562,4044,1,7890
1303,118,2388,4169,0,7860
1292,108,2362,3832,0,7486
1307,118,2418,4198,0,7923
1307,127,2492,4181,0,7980
1306,123,2532,4314,1,8152
1313,113,2416,4095,0,7824
1291,126,2442,4291,0,8024
1302,121,2440,4061,0,7803
1274,125,2470,4172,0,7916
1276,126,2432,4220,0,7928
1274,126,2566,4102,0,7942
1296,109,2420,4074,0,7790
1282,132,2440,4188,0,7910
1301,112,2356,3694,0,7351
1259,123,2456,4289,0,8004
--new--train--round--
1317,119,2484,4144,0,7945
1317,119,2484,4144,0,7945
1289,114,2436,4132,0,7857
1276,112,2396,4046,0,7718
1284,107,2564,4047,1,7895
1303,118,2388,4169,0,7860
1292,108,2362,3832,0,7486
1307,118,2418,4198,0,7923
1307,127,2492,4181,0,7980
1306,123,2534,4318,0,8158
1313,113,2416,4095,0,7824
1291,126,2442,4291,0,8024
1302,121,2440,4061,0,7803
1274,125,2470,4172,0,7916
1276,126,2432,4220,0,7928
1274,126,2566,4102,0,7942
1296,109,2420,4074,0,7790
1282,132,2440,4188,0,7910
1301,112,2356,3694,0,7351
1259,123,2456,4289,0,8004
--new--train--round--
1317,119,2484,4144,0,7945
1317,119,2484,4144,0,7945
1289,114,2436,4132,0,7857
1276,112,2396,4046,0,7718
1284,107,2566,4050,1,7900
1303,118,2388,4169,0,7860
1292,108,2362,3832,0,7486
1307,118,2418,4198,0,7923
1307,127,2492,4181,0,7980
1306,123,2536,4318,0,8160
1313,113,2416,4095,0,7824
1291,126,2442,4291,0,8024
1302,121,2440,4061,0,7803
1274,125,2470,4172,0,7916
1276,126,2432,4220,0,7928
1274,126,2566,4102,0,7942
1296,109,2420,4074,0,7790
1282,132,2440,4188,0,7910
1301,112,2356,3694,0,7351
1259,123,2456,4289,0,8004
--new--train--round--
1317,119,2484,4144,0,7945
1317,119,2484,4144,0,7945
1289,114,2436,4132,0,7857
1276,112,2396,4046,0,7718
1284,107,2568,4053,0,7905
1303,118,2388,4169,0,7860
1292,108,2362,3832,0,7486
1307,118,2418,4198,0,7923
1307,127,2492,4181,0,7980
1306,123,2538,4320,0,8164
1313,113,2416,4095,0,7824
1291,126,2442,4291,0,8024
1302,121,2440,4061,0,7803
1274,125,2470,4172,0,7916
1276,126,2432,4220,0,7928
1274,126,2566,4102,0,7942
1296,109,2420,4074,0,7790
1282,132,2440,4188,0,7910
1301,112,2356,3694,0,7351
1259,123,2456,4289,0,8004
